2026-04-21 16:01:38,306 [INFO] VideoProcessor: Processing: input_videos\deepfakedetection.mp4
2026-04-21 16:01:39,546 [INFO] orchestrator: Initializing Detonix ZoomGuard pipeline...
2026-04-21 16:01:43,659 [INFO] utils.face_detector: FaceDetector: detection backend 'mediapipe-solutions' ready.
2026-04-21 16:01:43,781 [INFO] utils.face_detector: FaceDetector: detection backend 'haar-cascade' ready.
2026-04-21 16:03:34,833 [WARNING] utils.face_detector: ArcFace not available — using local LBP+Colour embedding. Re-ID will still work well for typical faces. For best results: pip install insightface onnxruntime
2026-04-21 16:03:34,835 [INFO] utils.face_detector: FaceDetector ready | detection=mediapipe-solutions | embedding=local-lbp-color | reid_thresh=0.40
2026-04-21 16:03:34,835 [INFO] utils.deepfake_model: Using device: cpu
2026-04-21 16:03:34,840 [INFO] utils.deepfake_model: Looking for model at: D:\FYP-2\zoomguard\models\deepfake_c0_xception.pkl
2026-04-21 16:03:34,840 [INFO] utils.deepfake_model: File exists: True
2026-04-21 16:03:34,843 [INFO] utils.deepfake_model: Loading XceptionNet from: D:\FYP-2\zoomguard\models\deepfake_c0_xception.pkl
2026-04-21 16:03:35,685 [INFO] utils.deepfake_model: XceptionNet loaded successfully - FaceForensics++ weights active
2026-04-21 16:03:35,699 [INFO] orchestrator: Pipeline initialized successfully.
2026-04-21 16:03:35,851 [WARNING] utils.face_detector: Backend 'mediapipe-solutions' failed: 'SymbolDatabase' object has no attribute 'GetPrototype'
2026-04-21 16:03:37,671 [WARNING] utils.face_detector: Backend 'mediapipe-solutions' failed: 'SymbolDatabase' object has no attribute 'GetPrototype'
2026-04-21 16:03:37,817 [WARNING] utils.face_detector: Backend 'mediapipe-solutions' failed: 'SymbolDatabase' object has no attribute 'GetPrototype'
2026-04-21 16:03:38,898 [WARNING] utils.face_detector: Backend 'mediapipe-solutions' failed: 'SymbolDatabase' object has no attribute 'GetPrototype'
2026-04-21 16:03:39,017 [WARNING] utils.face_detector: Backend 'mediapipe-solutions' failed: 'SymbolDatabase' object has no attribute 'GetPrototype'
2026-04-21 16:03:39,119 [WARNING] utils.face_detector: Backend 'mediapipe-solutions' failed: 'SymbolDatabase' object has no attribute 'GetPrototype'
2026-04-21 16:03:39,915 [WARNING] utils.face_detector: Backend 'mediapipe-solutions' failed: 'SymbolDatabase' object has no attribute 'GetPrototype'
2026-04-21 16:03:40,043 [WARNING] utils.face_detector: Backend 'mediapipe-solutions' failed: 'SymbolDatabase' object has no attribute 'GetPrototype'
2026-04-21 16:03:40,135 [WARNING] utils.face_detector: Backend 'mediapipe-solutions' failed: 'SymbolDatabase' object has no attribute 'GetPrototype'
2026-04-21 16:03:40,944 [WARNING] utils.face_detector: Backend 'mediapipe-solutions' failed: 'SymbolDatabase' object has no attribute 'GetPrototype'
2026-04-21 16:03:41,059 [WARNING] utils.face_detector: Backend 'mediapipe-solutions' failed: 'SymbolDatabase' object has no attribute 'GetPrototype'
2026-04-21 16:03:41,176 [WARNING] utils.face_detector: Backend 'mediapipe-solutions' failed: 'SymbolDatabase' object has no attribute 'GetPrototype'
2026-04-21 16:03:42,211 [WARNING] utils.face_detector: Backend 'mediapipe-solutions' failed: 'SymbolDatabase' object has no attribute 'GetPrototype'
2026-04-21 16:03:42,318 [WARNING] utils.face_detector: Backend 'mediapipe-solutions' failed: 'SymbolDatabase' object has no attribute 'GetPrototype'
2026-04-21 16:03:42,418 [WARNING] utils.face_detector: Backend 'mediapipe-solutions' failed: 'SymbolDatabase' object has no attribute 'GetPrototype'
2026-04-21 16:03:43,175 [WARNING] utils.face_detector: Backend 'mediapipe-solutions' failed: 'SymbolDatabase' object has no attribute 'GetPrototype'
2026-04-21 16:03:43,269 [WARNING] utils.face_detector: Backend 'mediapipe-solutions' failed: 'SymbolDatabase' object has no attribute 'GetPrototype'
2026-04-21 16:03:43,365 [WARNING] utils.face_detector: Backend 'mediapipe-solutions' failed: 'SymbolDatabase' object has no attribute 'GetPrototype'
2026-04-21 16:03:43,902 [WARNING] utils.face_detector: Backend 'mediapipe-solutions' failed: 'SymbolDatabase' object has no attribute 'GetPrototype'
2026-04-21 16:03:44,007 [WARNING] utils.face_detector: Backend 'mediapipe-solutions' failed: 'SymbolDatabase' object has no attribute 'GetPrototype'
2026-04-21 16:03:44,093 [WARNING] utils.face_detector: Backend 'mediapipe-solutions' failed: 'SymbolDatabase' object has no attribute 'GetPrototype'
2026-04-21 16:03:44,668 [WARNING] utils.face_detector: Backend 'mediapipe-solutions' failed: 'SymbolDatabase' object has no attribute 'GetPrototype'
2026-04-21 16:03:44,766 [WARNING] utils.face_detector: Backend 'mediapipe-solutions' failed: 'SymbolDatabase' object has no attribute 'GetPrototype'
2026-04-21 16:03:44,848 [WARNING] utils.face_detector: Backend 'mediapipe-solutions' failed: 'SymbolDatabase' object has no attribute 'GetPrototype'
2026-04-21 16:03:45,206 [WARNING] utils.face_detector: Backend 'mediapipe-solutions' failed: 'SymbolDatabase' object has no attribute 'GetPrototype'
2026-04-21 16:03:45,304 [WARNING] utils.face_detector: Backend 'mediapipe-solutions' failed: 'SymbolDatabase' object has no attribute 'GetPrototype'
2026-04-21 16:03:45,397 [WARNING] utils.face_detector: Backend 'mediapipe-solutions' failed: 'SymbolDatabase' object has no attribute 'GetPrototype'
2026-04-21 16:03:45,996 [WARNING] utils.face_detector: Backend 'mediapipe-solutions' failed: 'SymbolDatabase' object has no attribute 'GetPrototype'
2026-04-21 16:03:46,106 [WARNING] utils.face_detector: Backend 'mediapipe-solutions' failed: 'SymbolDatabase' object has no attribute 'GetPrototype'
2026-04-21 16:03:46,201 [WARNING] utils.face_detector: Backend 'mediapipe-solutions' failed: 'SymbolDatabase' object has no attribute 'GetPrototype'
2026-04-21 16:03:46,866 [WARNING] utils.face_detector: Backend 'mediapipe-solutions' failed: 'SymbolDatabase' object has no attribute 'GetPrototype'
2026-04-21 16:03:46,978 [WARNING] utils.face_detector: Backend 'mediapipe-solutions' failed: 'SymbolDatabase' object has no attribute 'GetPrototype'
2026-04-21 16:03:47,083 [WARNING] utils.face_detector: Backend 'mediapipe-solutions' failed: 'SymbolDatabase' object has no attribute 'GetPrototype'
2026-04-21 16:03:48,179 [WARNING] utils.face_detector: Backend 'mediapipe-solutions' failed: 'SymbolDatabase' object has no attribute 'GetPrototype'
2026-04-21 16:03:48,303 [WARNING] utils.face_detector: Backend 'mediapipe-solutions' failed: 'SymbolDatabase' object has no attribute 'GetPrototype'
2026-04-21 16:03:48,401 [WARNING] utils.face_detector: Backend 'mediapipe-solutions' failed: 'SymbolDatabase' object has no attribute 'GetPrototype'
2026-04-21 16:03:49,168 [WARNING] utils.face_detector: Backend 'mediapipe-solutions' failed: 'SymbolDatabase' object has no attribute 'GetPrototype'
2026-04-21 16:03:49,275 [WARNING] utils.face_detector: Backend 'mediapipe-solutions' failed: 'SymbolDatabase' object has no attribute 'GetPrototype'
2026-04-21 16:03:49,373 [WARNING] utils.face_detector: Backend 'mediapipe-solutions' failed: 'SymbolDatabase' object has no attribute 'GetPrototype'
2026-04-21 16:03:49,912 [WARNING] utils.face_detector: Backend 'mediapipe-solutions' failed: 'SymbolDatabase' object has no attribute 'GetPrototype'
2026-04-21 16:03:50,007 [WARNING] utils.face_detector: Backend 'mediapipe-solutions' failed: 'SymbolDatabase' object has no attribute 'GetPrototype'
2026-04-21 16:03:50,098 [WARNING] utils.face_detector: Backend 'mediapipe-solutions' failed: 'SymbolDatabase' object has no attribute 'GetPrototype'
2026-04-21 16:03:50,371 [WARNING] utils.face_detector: Backend 'mediapipe-solutions' failed: 'SymbolDatabase' object has no attribute 'GetPrototype'
2026-04-21 16:03:50,477 [WARNING] utils.face_detector: Backend 'mediapipe-solutions' failed: 'SymbolDatabase' object has no attribute 'GetPrototype'
2026-04-21 16:03:50,578 [WARNING] utils.face_detector: Backend 'mediapipe-solutions' failed: 'SymbolDatabase' object has no attribute 'GetPrototype'
2026-04-21 16:03:51,372 [WARNING] utils.face_detector: Backend 'mediapipe-solutions' failed: 'SymbolDatabase' object has no attribute 'GetPrototype'
2026-04-21 16:03:51,474 [WARNING] utils.face_detector: Backend 'mediapipe-solutions' failed: 'SymbolDatabase' object has no attribute 'GetPrototype'
2026-04-21 16:03:51,566 [WARNING] utils.face_detector: Backend 'mediapipe-solutions' failed: 'SymbolDatabase' object has no attribute 'GetPrototype'
2026-04-21 16:03:52,116 [WARNING] utils.face_detector: Backend 'mediapipe-solutions' failed: 'SymbolDatabase' object has no attribute 'GetPrototype'
2026-04-21 16:03:52,232 [WARNING] utils.face_detector: Backend 'mediapipe-solutions' failed: 'SymbolDatabase' object has no attribute 'GetPrototype'
2026-04-21 16:03:52,336 [WARNING] utils.face_detector: Backend 'mediapipe-solutions' failed: 'SymbolDatabase' object has no attribute 'GetPrototype'
2026-04-21 16:03:52,883 [WARNING] utils.face_detector: Backend 'mediapipe-solutions' failed: 'SymbolDatabase' object has no attribute 'GetPrototype'
2026-04-21 16:03:52,988 [WARNING] utils.face_detector: Backend 'mediapipe-solutions' failed: 'SymbolDatabase' object has no attribute 'GetPrototype'
2026-04-21 16:03:53,090 [WARNING] utils.face_detector: Backend 'mediapipe-solutions' failed: 'SymbolDatabase' object has no attribute 'GetPrototype'
2026-04-21 16:03:53,680 [WARNING] utils.face_detector: Backend 'mediapipe-solutions' failed: 'SymbolDatabase' object has no attribute 'GetPrototype'
2026-04-21 16:03:53,772 [WARNING] utils.face_detector: Backend 'mediapipe-solutions' failed: 'SymbolDatabase' object has no attribute 'GetPrototype'
2026-04-21 16:03:53,864 [WARNING] utils.face_detector: Backend 'mediapipe-solutions' failed: 'SymbolDatabase' object has no attribute 'GetPrototype'
2026-04-21 16:03:54,186 [WARNING] utils.face_detector: Backend 'mediapipe-solutions' failed: 'SymbolDatabase' object has no attribute 'GetPrototype'
2026-04-21 16:03:54,291 [WARNING] utils.face_detector: Backend 'mediapipe-solutions' failed: 'SymbolDatabase' object has no attribute 'GetPrototype'
2026-04-21 16:03:54,381 [WARNING] utils.face_detector: Backend 'mediapipe-solutions' failed: 'SymbolDatabase' object has no attribute 'GetPrototype'
2026-04-21 16:03:54,949 [WARNING] utils.face_detector: Backend 'mediapipe-solutions' failed: 'SymbolDatabase' object has no attribute 'GetPrototype'
2026-04-21 16:03:55,041 [WARNING] utils.face_detector: Backend 'mediapipe-solutions' failed: 'SymbolDatabase' object has no attribute 'GetPrototype'
2026-04-21 16:03:55,133 [WARNING] utils.face_detector: Backend 'mediapipe-solutions' failed: 'SymbolDatabase' object has no attribute 'GetPrototype'
2026-04-21 16:03:55,902 [WARNING] utils.face_detector: Backend 'mediapipe-solutions' failed: 'SymbolDatabase' object has no attribute 'GetPrototype'
2026-04-21 16:03:56,012 [WARNING] utils.face_detector: Backend 'mediapipe-solutions' failed: 'SymbolDatabase' object has no attribute 'GetPrototype'
2026-04-21 16:03:56,103 [WARNING] utils.face_detector: Backend 'mediapipe-solutions' failed: 'SymbolDatabase' object has no attribute 'GetPrototype'
2026-04-21 16:03:56,705 [WARNING] utils.face_detector: Backend 'mediapipe-solutions' failed: 'SymbolDatabase' object has no attribute 'GetPrototype'
2026-04-21 16:03:56,821 [WARNING] utils.face_detector: Backend 'mediapipe-solutions' failed: 'SymbolDatabase' object has no attribute 'GetPrototype'
2026-04-21 16:03:56,913 [WARNING] utils.face_detector: Backend 'mediapipe-solutions' failed: 'SymbolDatabase' object has no attribute 'GetPrototype'
2026-04-21 16:03:57,678 [WARNING] utils.face_detector: Backend 'mediapipe-solutions' failed: 'SymbolDatabase' object has no attribute 'GetPrototype'
2026-04-21 16:03:57,773 [WARNING] utils.face_detector: Backend 'mediapipe-solutions' failed: 'SymbolDatabase' object has no attribute 'GetPrototype'
2026-04-21 16:03:57,859 [WARNING] utils.face_detector: Backend 'mediapipe-solutions' failed: 'SymbolDatabase' object has no attribute 'GetPrototype'
2026-04-21 16:03:58,352 [WARNING] utils.face_detector: Backend 'mediapipe-solutions' failed: 'SymbolDatabase' object has no attribute 'GetPrototype'
2026-04-21 16:03:58,460 [WARNING] utils.face_detector: Backend 'mediapipe-solutions' failed: 'SymbolDatabase' object has no attribute 'GetPrototype'
2026-04-21 16:03:58,540 [WARNING] utils.face_detector: Backend 'mediapipe-solutions' failed: 'SymbolDatabase' object has no attribute 'GetPrototype'
2026-04-21 16:03:59,093 [WARNING] utils.face_detector: Backend 'mediapipe-solutions' failed: 'SymbolDatabase' object has no attribute 'GetPrototype'
2026-04-21 16:03:59,202 [WARNING] utils.face_detector: Backend 'mediapipe-solutions' failed: 'SymbolDatabase' object has no attribute 'GetPrototype'
2026-04-21 16:03:59,291 [WARNING] utils.face_detector: Backend 'mediapipe-solutions' failed: 'SymbolDatabase' object has no attribute 'GetPrototype'
2026-04-21 16:04:00,063 [WARNING] utils.face_detector: Backend 'mediapipe-solutions' failed: 'SymbolDatabase' object has no attribute 'GetPrototype'
2026-04-21 16:04:00,168 [WARNING] utils.face_detector: Backend 'mediapipe-solutions' failed: 'SymbolDatabase' object has no attribute 'GetPrototype'
2026-04-21 16:04:00,266 [WARNING] utils.face_detector: Backend 'mediapipe-solutions' failed: 'SymbolDatabase' object has no attribute 'GetPrototype'
2026-04-21 16:04:00,780 [WARNING] utils.face_detector: Backend 'mediapipe-solutions' failed: 'SymbolDatabase' object has no attribute 'GetPrototype'
2026-04-21 16:04:00,905 [WARNING] utils.face_detector: Backend 'mediapipe-solutions' failed: 'SymbolDatabase' object has no attribute 'GetPrototype'
2026-04-21 16:04:01,003 [WARNING] utils.face_detector: Backend 'mediapipe-solutions' failed: 'SymbolDatabase' object has no attribute 'GetPrototype'
2026-04-21 16:04:01,549 [WARNING] utils.face_detector: Backend 'mediapipe-solutions' failed: 'SymbolDatabase' object has no attribute 'GetPrototype'
2026-04-21 16:04:01,656 [WARNING] utils.face_detector: Backend 'mediapipe-solutions' failed: 'SymbolDatabase' object has no attribute 'GetPrototype'
2026-04-21 16:04:01,755 [WARNING] utils.face_detector: Backend 'mediapipe-solutions' failed: 'SymbolDatabase' object has no attribute 'GetPrototype'
2026-04-21 16:04:02,518 [WARNING] utils.face_detector: Backend 'mediapipe-solutions' failed: 'SymbolDatabase' object has no attribute 'GetPrototype'
2026-04-21 16:04:02,633 [WARNING] utils.face_detector: Backend 'mediapipe-solutions' failed: 'SymbolDatabase' object has no attribute 'GetPrototype'
2026-04-21 16:04:02,721 [WARNING] utils.face_detector: Backend 'mediapipe-solutions' failed: 'SymbolDatabase' object has no attribute 'GetPrototype'
2026-04-21 16:04:03,298 [WARNING] utils.face_detector: Backend 'mediapipe-solutions' failed: 'SymbolDatabase' object has no attribute 'GetPrototype'
2026-04-21 16:04:03,405 [WARNING] utils.face_detector: Backend 'mediapipe-solutions' failed: 'SymbolDatabase' object has no attribute 'GetPrototype'
2026-04-21 16:04:03,504 [WARNING] utils.face_detector: Backend 'mediapipe-solutions' failed: 'SymbolDatabase' object has no attribute 'GetPrototype'
2026-04-21 16:04:04,260 [WARNING] utils.face_detector: Backend 'mediapipe-solutions' failed: 'SymbolDatabase' object has no attribute 'GetPrototype'
2026-04-21 16:04:04,349 [WARNING] utils.face_detector: Backend 'mediapipe-solutions' failed: 'SymbolDatabase' object has no attribute 'GetPrototype'
2026-04-21 16:04:04,438 [WARNING] utils.face_detector: Backend 'mediapipe-solutions' failed: 'SymbolDatabase' object has no attribute 'GetPrototype'
2026-04-21 16:04:05,425 [WARNING] utils.face_detector: Backend 'mediapipe-solutions' failed: 'SymbolDatabase' object has no attribute 'GetPrototype'
2026-04-21 16:04:05,514 [WARNING] utils.face_detector: Backend 'mediapipe-solutions' failed: 'SymbolDatabase' object has no attribute 'GetPrototype'
2026-04-21 16:04:05,603 [WARNING] utils.face_detector: Backend 'mediapipe-solutions' failed: 'SymbolDatabase' object has no attribute 'GetPrototype'
2026-04-21 16:04:05,922 [WARNING] utils.face_detector: Backend 'mediapipe-solutions' failed: 'SymbolDatabase' object has no attribute 'GetPrototype'
2026-04-21 16:04:06,140 [INFO] SessionLogger: Session summary saved to logs\session_20260421_160139.json
