2026-04-21 16:28:51,683 [INFO] VideoProcessor: Processing: input_videos\deepfakedetection.mp4
2026-04-21 16:28:51,725 [INFO] orchestrator: Initializing Detonix ZoomGuard pipeline...
2026-04-21 16:28:54,053 [INFO] utils.face_detector: FaceDetector: detection backend 'mediapipe-solutions' ready.
2026-04-21 16:28:54,202 [INFO] utils.face_detector: FaceDetector: detection backend 'haar-cascade' ready.
2026-04-21 16:28:54,347 [WARNING] utils.face_detector: InsightFace ArcFace unavailable: No module named 'onnx'
Traceback (most recent call last):
  File "D:\FYP-2\zoomguard\utils\face_detector.py", line 269, in _build_embedder
    emb = _InsightFaceEmbedder()
          ^^^^^^^^^^^^^^^^^^^^^^
  File "D:\FYP-2\zoomguard\utils\face_detector.py", line 106, in __init__
    import insightface
  File "D:\FYP-2\zoomguard\venv\Lib\site-packages\insightface\__init__.py", line 16, in <module>
    from . import model_zoo
  File "D:\FYP-2\zoomguard\venv\Lib\site-packages\insightface\model_zoo\__init__.py", line 1, in <module>
    from .model_zoo import get_model
  File "D:\FYP-2\zoomguard\venv\Lib\site-packages\insightface\model_zoo\model_zoo.py", line 11, in <module>
    from .arcface_onnx import *
  File "D:\FYP-2\zoomguard\venv\Lib\site-packages\insightface\model_zoo\arcface_onnx.py", line 10, in <module>
    import onnx
ModuleNotFoundError: No module named 'onnx'

2026-04-21 16:28:54,349 [WARNING] utils.face_detector: ArcFace not available — using local LBP+Colour embedding. Re-ID will still work well for typical faces. For best results: pip install insightface onnxruntime
2026-04-21 16:28:54,349 [INFO] utils.face_detector: FaceDetector ready | detection=mediapipe-solutions | embedding=local-lbp-color | reid_thresh=0.40
2026-04-21 16:28:54,349 [INFO] utils.deepfake_model: Using device: cpu
2026-04-21 16:28:54,349 [INFO] utils.deepfake_model: Looking for model at: D:\FYP-2\zoomguard\models\deepfake_c0_xception.pkl
2026-04-21 16:28:54,349 [INFO] utils.deepfake_model: File exists: True
2026-04-21 16:28:54,352 [INFO] utils.deepfake_model: Loading XceptionNet from: D:\FYP-2\zoomguard\models\deepfake_c0_xception.pkl
2026-04-21 16:28:55,137 [INFO] utils.deepfake_model: XceptionNet loaded successfully - FaceForensics++ weights active
2026-04-21 16:28:55,146 [INFO] orchestrator: Pipeline initialized successfully.
2026-04-21 16:28:58,094 [INFO] SessionLogger: Session summary saved to logs\session_20260421_162851.json
