2026-04-25 17:58:27,719 [INFO] VideoProcessor: Processing: input_videos\01__outside_talking_still_laughing.mp4
2026-04-25 17:58:27,768 [INFO] orchestrator: Initializing Detonix ZoomGuard pipeline...
2026-04-25 17:58:29,643 [INFO] utils.face_detector: FaceDetector: detection backend 'mediapipe-solutions' ready.
2026-04-25 17:58:29,758 [INFO] utils.face_detector: FaceDetector: detection backend 'haar-cascade' ready.
2026-04-25 17:58:32,256 [WARNING] utils.face_detector: InsightFace ArcFace unavailable: DLL load failed while importing mesh_core_cython: An Application Control policy has blocked this file.
Traceback (most recent call last):
  File "D:\FYP-2\zoomguard\utils\face_detector.py", line 269, in _build_embedder
    emb = _InsightFaceEmbedder()
          ^^^^^^^^^^^^^^^^^^^^^^
  File "D:\FYP-2\zoomguard\utils\face_detector.py", line 106, in __init__
    import insightface
  File "D:\FYP-2\zoomguard\venv\Lib\site-packages\insightface\__init__.py", line 18, in <module>
    from . import app
  File "D:\FYP-2\zoomguard\venv\Lib\site-packages\insightface\app\__init__.py", line 2, in <module>
    from .mask_renderer import *
  File "D:\FYP-2\zoomguard\venv\Lib\site-packages\insightface\app\mask_renderer.py", line 8, in <module>
    from ..thirdparty import face3d
  File "D:\FYP-2\zoomguard\venv\Lib\site-packages\insightface\thirdparty\face3d\__init__.py", line 3, in <module>
    from . import mesh
  File "D:\FYP-2\zoomguard\venv\Lib\site-packages\insightface\thirdparty\face3d\mesh\__init__.py", line 9, in <module>
    from .cython import mesh_core_cython
ImportError: DLL load failed while importing mesh_core_cython: An Application Control policy has blocked this file.

2026-04-25 17:58:32,258 [WARNING] utils.face_detector: ArcFace not available — using local LBP+Colour embedding. Re-ID will still work well for typical faces. For best results: pip install insightface onnxruntime
2026-04-25 17:58:32,258 [INFO] utils.face_detector: FaceDetector ready | detection=mediapipe-solutions | embedding=local-lbp-color | reid_thresh=0.40
2026-04-25 17:58:32,258 [INFO] utils.deepfake_model: Using device: cpu
2026-04-25 17:58:32,260 [INFO] utils.deepfake_model: Looking for model at: D:\FYP-2\zoomguard\models\deepfake_c0_xception.pkl
2026-04-25 17:58:32,260 [INFO] utils.deepfake_model: File exists: True
2026-04-25 17:58:32,260 [INFO] utils.deepfake_model: Loading XceptionNet from: D:\FYP-2\zoomguard\models\deepfake_c0_xception.pkl
2026-04-25 17:58:32,773 [INFO] utils.deepfake_model: XceptionNet loaded successfully - FaceForensics++ weights active
2026-04-25 17:58:32,783 [INFO] orchestrator: Pipeline initialized successfully.
2026-04-25 18:00:10,865 [INFO] SessionLogger: Session summary saved to logs\session_20260425_175827.json
