2026-04-25 17:56:57,863 [INFO] VideoProcessor: Processing: input_videos\004.mp4
2026-04-25 17:56:57,911 [INFO] orchestrator: Initializing Detonix ZoomGuard pipeline...
2026-04-25 17:56:59,893 [INFO] utils.face_detector: FaceDetector: detection backend 'mediapipe-solutions' ready.
2026-04-25 17:57:00,048 [INFO] utils.face_detector: FaceDetector: detection backend 'haar-cascade' ready.
2026-04-25 17:57:02,311 [WARNING] utils.face_detector: InsightFace ArcFace unavailable: DLL load failed while importing mesh_core_cython: An Application Control policy has blocked this file.
Traceback (most recent call last):
  File "D:\FYP-2\zoomguard\utils\face_detector.py", line 269, in _build_embedder
    emb = _InsightFaceEmbedder()
          ^^^^^^^^^^^^^^^^^^^^^^
  File "D:\FYP-2\zoomguard\utils\face_detector.py", line 106, in __init__
    import insightface
  File "D:\FYP-2\zoomguard\venv\Lib\site-packages\insightface\__init__.py", line 18, in <module>
    from . import app
  File "D:\FYP-2\zoomguard\venv\Lib\site-packages\insightface\app\__init__.py", line 2, in <module>
    from .mask_renderer import *
  File "D:\FYP-2\zoomguard\venv\Lib\site-packages\insightface\app\mask_renderer.py", line 8, in <module>
    from ..thirdparty import face3d
  File "D:\FYP-2\zoomguard\venv\Lib\site-packages\insightface\thirdparty\face3d\__init__.py", line 3, in <module>
    from . import mesh
  File "D:\FYP-2\zoomguard\venv\Lib\site-packages\insightface\thirdparty\face3d\mesh\__init__.py", line 9, in <module>
    from .cython import mesh_core_cython
ImportError: DLL load failed while importing mesh_core_cython: An Application Control policy has blocked this file.

2026-04-25 17:57:02,311 [WARNING] utils.face_detector: ArcFace not available — using local LBP+Colour embedding. Re-ID will still work well for typical faces. For best results: pip install insightface onnxruntime
2026-04-25 17:57:02,311 [INFO] utils.face_detector: FaceDetector ready | detection=mediapipe-solutions | embedding=local-lbp-color | reid_thresh=0.40
2026-04-25 17:57:02,311 [INFO] utils.deepfake_model: Using device: cpu
2026-04-25 17:57:02,311 [INFO] utils.deepfake_model: Looking for model at: D:\FYP-2\zoomguard\models\deepfake_c0_xception.pkl
2026-04-25 17:57:02,315 [INFO] utils.deepfake_model: File exists: True
2026-04-25 17:57:02,315 [INFO] utils.deepfake_model: Loading XceptionNet from: D:\FYP-2\zoomguard\models\deepfake_c0_xception.pkl
2026-04-25 17:57:02,875 [INFO] utils.deepfake_model: XceptionNet loaded successfully - FaceForensics++ weights active
2026-04-25 17:57:02,881 [INFO] orchestrator: Pipeline initialized successfully.
2026-04-25 17:57:08,068 [WARNING] SessionLogger: ALERT | Video: input_videos\004.mp4 | Frame: 36 | Person ID-1 | Score: 94.94%
2026-04-25 17:57:45,417 [INFO] SessionLogger: Session summary saved to logs\session_20260425_175657.json
